Oct 28, 2019 2:37:00 PM org.apache.catalina.startup.VersionLoggerListener log
INFO: Server version:        Apache Tomcat (TomEE)/7.0.81 (1.7.5)
Oct 28, 2019 2:37:00 PM org.apache.catalina.startup.VersionLoggerListener log
INFO: Server built:          Aug 11 2017 10:21:27 UTC
Oct 28, 2019 2:37:00 PM org.apache.catalina.startup.VersionLoggerListener log
INFO: Server number:         7.0.81.0
Oct 28, 2019 2:37:00 PM org.apache.catalina.startup.VersionLoggerListener log
INFO: OS Name:               Windows 10
Oct 28, 2019 2:37:00 PM org.apache.catalina.startup.VersionLoggerListener log
INFO: OS Version:            10.0
Oct 28, 2019 2:37:00 PM org.apache.catalina.startup.VersionLoggerListener log
INFO: Architecture:          amd64
Oct 28, 2019 2:37:00 PM org.apache.catalina.startup.VersionLoggerListener log
INFO: Java Home:             C:\Program Files\Java\jdk1.8.0_231\jre
Oct 28, 2019 2:37:00 PM org.apache.catalina.startup.VersionLoggerListener log
INFO: JVM Version:           1.8.0_231-b11
Oct 28, 2019 2:37:00 PM org.apache.catalina.startup.VersionLoggerListener log
INFO: JVM Vendor:            Oracle Corporation
Oct 28, 2019 2:37:00 PM org.apache.catalina.startup.VersionLoggerListener log
INFO: CATALINA_BASE:         C:\Users\FS0481\Desktop\SKOLENIE\SAP S4HANA Extensions\address-manager\application\target\apache-tomee
Oct 28, 2019 2:37:00 PM org.apache.catalina.startup.VersionLoggerListener log
INFO: CATALINA_HOME:         C:\Users\FS0481\Desktop\SKOLENIE\SAP S4HANA Extensions\address-manager\application\target\apache-tomee
Oct 28, 2019 2:37:00 PM org.apache.catalina.startup.VersionLoggerListener log
INFO: Command line argument: -XX:+HeapDumpOnOutOfMemoryError
Oct 28, 2019 2:37:00 PM org.apache.catalina.startup.VersionLoggerListener log
INFO: Command line argument: -Dorg.apache.catalina.STRICT_SERVLET_COMPLIANCE=false
Oct 28, 2019 2:37:00 PM org.apache.catalina.startup.VersionLoggerListener log
INFO: Command line argument: -Dopenejb.session.manager=org.apache.tomee.catalina.session.QuickSessionManager
Oct 28, 2019 2:37:00 PM org.apache.catalina.startup.VersionLoggerListener log
INFO: Command line argument: -Dtomee.remote.support=true
Oct 28, 2019 2:37:00 PM org.apache.catalina.startup.VersionLoggerListener log
INFO: Command line argument: -Dopenejb.system.apps=false
Oct 28, 2019 2:37:00 PM org.apache.catalina.startup.VersionLoggerListener log
INFO: Command line argument: -Djava.util.logging.config.file=C:\Users\FS0481\Desktop\SKOLENIE\SAP S4HANA Extensions\address-manager\application\target\apache-tomee\conf\logging.properties
Oct 28, 2019 2:37:00 PM org.apache.catalina.startup.VersionLoggerListener log
INFO: Command line argument: -javaagent:C:\Users\FS0481\Desktop\SKOLENIE\SAP S4HANA Extensions\address-manager\application\target\apache-tomee\lib\openejb-javaagent.jar
Oct 28, 2019 2:37:00 PM org.apache.catalina.startup.VersionLoggerListener log
INFO: Command line argument: -Djava.util.logging.manager=org.apache.juli.ClassLoaderLogManager
Oct 28, 2019 2:37:00 PM org.apache.catalina.startup.VersionLoggerListener log
INFO: Command line argument: -Djava.io.tmpdir=C:\Users\FS0481\Desktop\SKOLENIE\SAP S4HANA Extensions\address-manager\application\target\apache-tomee\temp
Oct 28, 2019 2:37:00 PM org.apache.catalina.startup.VersionLoggerListener log
INFO: Command line argument: -Djava.endorsed.dirs=C:\Users\FS0481\Desktop\SKOLENIE\SAP S4HANA Extensions\address-manager\application\target\apache-tomee\endorsed
Oct 28, 2019 2:37:00 PM org.apache.catalina.startup.VersionLoggerListener log
INFO: Command line argument: -Dcatalina.base=C:\Users\FS0481\Desktop\SKOLENIE\SAP S4HANA Extensions\address-manager\application\target\apache-tomee
Oct 28, 2019 2:37:00 PM org.apache.catalina.startup.VersionLoggerListener log
INFO: Command line argument: -Dcatalina.home=C:\Users\FS0481\Desktop\SKOLENIE\SAP S4HANA Extensions\address-manager\application\target\apache-tomee
Oct 28, 2019 2:37:00 PM org.apache.catalina.startup.VersionLoggerListener log
INFO: Command line argument: -Dcatalina.ext.dirs=C:\Users\FS0481\Desktop\SKOLENIE\SAP S4HANA Extensions\address-manager\application\target\apache-tomee\lib
Oct 28, 2019 2:37:00 PM org.apache.catalina.startup.VersionLoggerListener log
INFO: Command line argument: -Dorg.apache.tomcat.util.http.ServerCookie.ALLOW_HTTP_SEPARATORS_IN_V0=true
Oct 28, 2019 2:37:00 PM org.apache.catalina.startup.VersionLoggerListener log
INFO: Command line argument: -ea
Oct 28, 2019 2:37:00 PM org.apache.catalina.core.AprLifecycleListener lifecycleEvent
INFO: The APR based Apache Tomcat Native library which allows optimal performance in production environments was not found on the java.library.path: C:\Program Files\Java\jdk1.8.0_231\jre\bin;C:\WINDOWS\Sun\Java\bin;C:\WINDOWS\system32;C:\WINDOWS;C:\Program Files (x86)\Common Files\Oracle\Java\javapath;C:\WINDOWS\system32;C:\WINDOWS;C:\WINDOWS\System32\Wbem;C:\WINDOWS\System32\WindowsPowerShell\v1.0\;C:\WINDOWS\System32\OpenSSH\;C:\Program Files\PuTTY\;C:\Program Files\Cloud Foundry;C:\Program Files\Git\cmd;C:\Users\FS0481\AppData\Local\Microsoft\WindowsApps;C:\Users\FS0481\Desktop\apache-maven-3.6.2\bin;C:\Program Files\Cloud Foundry;;.
Oct 28, 2019 2:37:01 PM org.apache.coyote.AbstractProtocol init
INFO: Initializing ProtocolHandler ["http-bio-8080"]
Oct 28, 2019 2:37:01 PM org.apache.coyote.AbstractProtocol init
INFO: Initializing ProtocolHandler ["ajp-bio-8009"]
Oct 28, 2019 2:37:02 PM org.apache.openejb.util.OptionsLog info
INFO: Using 'tomee.remote.support=true'
Oct 28, 2019 2:37:02 PM org.apache.openejb.util.OptionsLog info
INFO: Using 'openejb.jdbc.datasource-creator=org.apache.tomee.jdbc.TomEEDataSourceCreator'
Oct 28, 2019 2:37:03 PM org.apache.openejb.OpenEJB$Instance <init>
INFO: ********************************************************************************
Oct 28, 2019 2:37:03 PM org.apache.openejb.OpenEJB$Instance <init>
INFO: OpenEJB http://tomee.apache.org/
Oct 28, 2019 2:37:03 PM org.apache.openejb.OpenEJB$Instance <init>
INFO: Startup: Mon Oct 28 14:37:03 CET 2019
Oct 28, 2019 2:37:03 PM org.apache.openejb.OpenEJB$Instance <init>
INFO: Copyright 1999-2015 (C) Apache OpenEJB/TomEE Project, All Rights Reserved.
Oct 28, 2019 2:37:03 PM org.apache.openejb.OpenEJB$Instance <init>
INFO: Version: 4.7.5
Oct 28, 2019 2:37:03 PM org.apache.openejb.OpenEJB$Instance <init>
INFO: Build date: 20170927
Oct 28, 2019 2:37:03 PM org.apache.openejb.OpenEJB$Instance <init>
INFO: Build time: 12:02
Oct 28, 2019 2:37:03 PM org.apache.openejb.OpenEJB$Instance <init>
INFO: ********************************************************************************
Oct 28, 2019 2:37:03 PM org.apache.openejb.OpenEJB$Instance <init>
INFO: openejb.home = C:\Users\FS0481\Desktop\SKOLENIE\SAP S4HANA Extensions\address-manager\application\target\apache-tomee
Oct 28, 2019 2:37:03 PM org.apache.openejb.OpenEJB$Instance <init>
INFO: openejb.base = C:\Users\FS0481\Desktop\SKOLENIE\SAP S4HANA Extensions\address-manager\application\target\apache-tomee
Oct 28, 2019 2:37:03 PM org.apache.openejb.cdi.CdiBuilder initializeOWB
INFO: Created new singletonService org.apache.openejb.cdi.ThreadSingletonServiceImpl@51b279c9
Oct 28, 2019 2:37:03 PM org.apache.openejb.cdi.CdiBuilder initializeOWB
INFO: Succeeded in installing singleton service
Oct 28, 2019 2:37:03 PM org.apache.openejb.config.ConfigurationFactory init
INFO: openejb configuration file is 'C:\Users\FS0481\Desktop\SKOLENIE\SAP S4HANA Extensions\address-manager\application\target\apache-tomee\conf\tomee.xml'
Oct 28, 2019 2:37:03 PM org.apache.openejb.config.ConfigurationFactory configureService
INFO: Configuring Service(id=Tomcat Security Service, type=SecurityService, provider-id=Tomcat Security Service)
Oct 28, 2019 2:37:03 PM org.apache.openejb.config.ConfigurationFactory configureService
INFO: Configuring Service(id=Default Transaction Manager, type=TransactionManager, provider-id=Default Transaction Manager)
Oct 28, 2019 2:37:03 PM org.apache.openejb.util.OptionsLog info
INFO: Using 'openejb.system.apps=false'
Oct 28, 2019 2:37:03 PM org.apache.openejb.util.OptionsLog info
INFO: Using 'openejb.deployments.classpath=false'
Oct 28, 2019 2:37:03 PM org.apache.openejb.assembler.classic.Assembler createRecipe
INFO: Creating TransactionManager(id=Default Transaction Manager)
Oct 28, 2019 2:37:03 PM org.apache.openejb.assembler.classic.Assembler createRecipe
INFO: Creating SecurityService(id=Tomcat Security Service)
Oct 28, 2019 2:37:04 PM org.apache.openejb.server.ServiceManager initServer
INFO: Creating ServerService(id=cxf-rs)
Oct 28, 2019 2:37:04 PM org.apache.openejb.server.SimpleServiceManager start
INFO:   ** Bound Services **
Oct 28, 2019 2:37:04 PM org.apache.openejb.server.SimpleServiceManager printRow
INFO:   NAME                 IP              PORT  
Oct 28, 2019 2:37:04 PM org.apache.openejb.server.SimpleServiceManager start
INFO: -------
Oct 28, 2019 2:37:04 PM org.apache.openejb.server.SimpleServiceManager start
INFO: Ready!
Oct 28, 2019 2:37:04 PM org.apache.catalina.startup.Catalina load
INFO: Initialization processed in 5392 ms
Oct 28, 2019 2:37:04 PM org.apache.tomee.catalina.OpenEJBNamingContextListener bindResource
INFO: Importing a Tomcat Resource with id 'UserDatabase' of type 'org.apache.catalina.UserDatabase'.
Oct 28, 2019 2:37:04 PM org.apache.openejb.assembler.classic.Assembler createRecipe
INFO: Creating Resource(id=UserDatabase)
Oct 28, 2019 2:37:04 PM org.apache.catalina.core.StandardService startInternal
INFO: Starting service Catalina
Oct 28, 2019 2:37:04 PM org.apache.catalina.core.StandardEngine startInternal
INFO: Starting Servlet Engine: Apache Tomcat (TomEE)/7.0.81 (1.7.5)
Oct 28, 2019 2:37:04 PM org.apache.catalina.startup.HostConfig deployWAR
INFO: Deploying web application archive C:\Users\FS0481\Desktop\SKOLENIE\SAP S4HANA Extensions\address-manager\application\target\apache-tomee\webapps\ROOT.war
Oct 28, 2019 2:37:04 PM org.apache.tomee.catalina.TomcatWebAppBuilder init
INFO: ------------------------- localhost -> /
Oct 28, 2019 2:37:04 PM org.apache.openejb.util.JarExtractor extract
INFO: Extracting jar: C:\Users\FS0481\Desktop\SKOLENIE\SAP S4HANA Extensions\address-manager\application\target\apache-tomee\webapps\ROOT.war
Oct 28, 2019 2:37:05 PM org.apache.openejb.util.JarExtractor extract
INFO: Extracted path: C:\Users\FS0481\Desktop\SKOLENIE\SAP S4HANA Extensions\address-manager\application\target\apache-tomee\webapps\ROOT
Oct 28, 2019 2:37:05 PM org.apache.openejb.util.OptionsLog info
INFO: Using 'openejb.session.manager=org.apache.tomee.catalina.session.QuickSessionManager'
Oct 28, 2019 2:37:05 PM org.apache.tomee.catalina.TomEEClassLoaderEnricher validateJarFile
WARNING: jar 'C:\Users\FS0481\Desktop\SKOLENIE\SAP S4HANA Extensions\address-manager\application\target\apache-tomee\webapps\ROOT\WEB-INF\lib\tomcat-annotations-api-7.0.81.jar' contains offending class: javax.ejb.EJB. It will be ignored.
Oct 28, 2019 2:37:05 PM org.apache.catalina.loader.WebappClassLoaderBase validateJarFile
INFO: validateJarFile(C:\Users\FS0481\Desktop\SKOLENIE\SAP S4HANA Extensions\address-manager\application\target\apache-tomee\webapps\ROOT\WEB-INF\lib\tomcat-servlet-api-7.0.81.jar) - jar not loaded. See Servlet Spec 3.0, section 10.7.2. Offending class: javax/servlet/Servlet.class
Oct 28, 2019 2:37:09 PM org.apache.openejb.config.ConfigurationFactory configureApplication
INFO: Configuring enterprise application: C:\Users\FS0481\Desktop\SKOLENIE\SAP S4HANA Extensions\address-manager\application\target\apache-tomee\webapps\ROOT
Oct 28, 2019 2:37:10 PM org.apache.openejb.config.ConfigurationFactory configureService
INFO: Configuring Service(id=Default Managed Container, type=Container, provider-id=Default Managed Container)
Oct 28, 2019 2:37:10 PM org.apache.openejb.config.AutoConfig createContainer
INFO: Auto-creating a container for bean .Comp233389878: Container(type=MANAGED, id=Default Managed Container)
Oct 28, 2019 2:37:10 PM org.apache.openejb.assembler.classic.Assembler createRecipe
INFO: Creating Container(id=Default Managed Container)
Oct 28, 2019 2:37:10 PM org.apache.openejb.core.managed.SimplePassivater init
INFO: Using directory C:\Users\FS0481\Desktop\SKOLENIE\SAP S4HANA Extensions\address-manager\application\target\apache-tomee\temp for stateful session passivation
Oct 28, 2019 2:37:10 PM org.apache.openejb.config.AppInfoBuilder build
INFO: Enterprise application "C:\Users\FS0481\Desktop\SKOLENIE\SAP S4HANA Extensions\address-manager\application\target\apache-tomee\webapps\ROOT" loaded.
Oct 28, 2019 2:37:11 PM org.apache.openejb.assembler.classic.Assembler createApplication
INFO: Assembling app: C:\Users\FS0481\Desktop\SKOLENIE\SAP S4HANA Extensions\address-manager\application\target\apache-tomee\webapps\ROOT
Oct 28, 2019 2:37:11 PM org.apache.openejb.cdi.CdiBuilder initSingleton
INFO: Existing thread singleton service in SystemInstance(): org.apache.openejb.cdi.ThreadSingletonServiceImpl@51b279c9
Oct 28, 2019 2:37:11 PM org.apache.openejb.cdi.OpenEJBLifecycle startApplication
INFO: OpenWebBeans Container is starting...
Oct 28, 2019 2:37:11 PM org.apache.webbeans.plugins.PluginLoader startUp
INFO: Adding OpenWebBeansPlugin : [CdiPlugin]
Oct 28, 2019 2:37:11 PM org.apache.webbeans.plugins.PluginLoader startUp
INFO: Adding OpenWebBeansPlugin : [OpenWebBeansJsfPlugin]
Oct 28, 2019 2:37:21 PM org.apache.webbeans.config.BeansDeployer deploySingleAnnotatedType
INFO: Skipping deployment of Class class com.sap.cloud.sdk.cloudplatform.auditlog.ScpCfAuditLogdue to a NoClassDefFoundError: com/sap/xs/audit/api/exception/AuditLogException
Oct 28, 2019 2:37:26 PM org.apache.webbeans.config.BeansDeployer validateInjectionPoints
INFO: All injection points were validated successfully.
Oct 28, 2019 2:37:26 PM org.apache.openejb.cdi.OpenEJBLifecycle startApplication
INFO: OpenWebBeans Container has started, it took 15062 ms.
Oct 28, 2019 2:37:26 PM org.apache.openejb.assembler.classic.Assembler createApplication
INFO: Deployed Application(path=C:\Users\FS0481\Desktop\SKOLENIE\SAP S4HANA Extensions\address-manager\application\target\apache-tomee\webapps\ROOT)
Oct 28, 2019 2:37:29 PM org.apache.catalina.startup.HostConfig deployWAR
INFO: Deployment of web application archive C:\Users\FS0481\Desktop\SKOLENIE\SAP S4HANA Extensions\address-manager\application\target\apache-tomee\webapps\ROOT.war has finished in 24,789 ms
Oct 28, 2019 2:37:29 PM org.apache.coyote.AbstractProtocol start
INFO: Starting ProtocolHandler ["http-bio-8080"]
Oct 28, 2019 2:37:29 PM org.apache.coyote.AbstractProtocol start
INFO: Starting ProtocolHandler ["ajp-bio-8009"]
Oct 28, 2019 2:37:29 PM org.apache.catalina.startup.Catalina start
INFO: Server startup in 25027 ms
Oct 28, 2019 2:43:05 PM org.apache.catalina.core.StandardServer await
INFO: A valid shutdown command was received via the shutdown port. Stopping the Server instance.
Oct 28, 2019 2:43:05 PM org.apache.coyote.AbstractProtocol pause
INFO: Pausing ProtocolHandler ["http-bio-8080"]
Oct 28, 2019 2:43:05 PM org.apache.coyote.AbstractProtocol pause
INFO: Pausing ProtocolHandler ["ajp-bio-8009"]
Oct 28, 2019 2:43:05 PM org.apache.catalina.core.StandardService stopInternal
INFO: Stopping service Catalina
Oct 28, 2019 2:43:05 PM org.apache.openejb.assembler.classic.Assembler destroyApplication
INFO: Undeploying app: C:\Users\FS0481\Desktop\SKOLENIE\SAP S4HANA Extensions\address-manager\application\target\apache-tomee\webapps\ROOT
Oct 28, 2019 2:43:05 PM org.apache.openejb.util.OptionsLog info
INFO: Using 'openjpa.Log=org.apache.openejb.openjpa.JULOpenJPALogFactory'
Oct 28, 2019 2:43:05 PM org.apache.openejb.assembler.classic.Assembler destroyApplication
INFO: Undeployed app: C:\Users\FS0481\Desktop\SKOLENIE\SAP S4HANA Extensions\address-manager\application\target\apache-tomee\webapps\ROOT
Oct 28, 2019 2:43:05 PM org.apache.catalina.loader.WebappClassLoaderBase clearReferencesThreads
SEVERE: The web application [] appears to have started a thread named [RxIoScheduler-1 (Evictor)] but has failed to stop it. This is very likely to create a memory leak.
Oct 28, 2019 2:43:05 PM org.apache.catalina.loader.WebappClassLoaderBase clearReferencesThreads
SEVERE: The web application [] appears to have started a thread named [RxComputationScheduler-1] but has failed to stop it. This is very likely to create a memory leak.
Oct 28, 2019 2:43:05 PM org.apache.catalina.loader.WebappClassLoaderBase checkThreadLocalMapForLeaks
SEVERE: The web application [] created a ThreadLocal with key of type [java.lang.ThreadLocal] (value [java.lang.ThreadLocal@7ead728f]) and a value of type [com.netflix.hystrix.strategy.concurrency.HystrixRequestContext] (value [com.netflix.hystrix.strategy.concurrency.HystrixRequestContext@24fe175a]) but failed to remove it when the web application was stopped. Threads are going to be renewed over time to try and avoid a probable memory leak.
Oct 28, 2019 2:43:05 PM org.apache.catalina.loader.WebappClassLoaderBase checkThreadLocalMapForLeaks
SEVERE: The web application [] created a ThreadLocal with key of type [java.lang.ThreadLocal] (value [java.lang.ThreadLocal@7ead728f]) and a value of type [com.netflix.hystrix.strategy.concurrency.HystrixRequestContext] (value [com.netflix.hystrix.strategy.concurrency.HystrixRequestContext@42750a32]) but failed to remove it when the web application was stopped. Threads are going to be renewed over time to try and avoid a probable memory leak.
Oct 28, 2019 2:43:05 PM org.apache.catalina.loader.WebappClassLoaderBase checkThreadLocalMapForLeaks
SEVERE: The web application [] created a ThreadLocal with key of type [java.lang.ThreadLocal] (value [java.lang.ThreadLocal@7ead728f]) and a value of type [com.netflix.hystrix.strategy.concurrency.HystrixRequestContext] (value [com.netflix.hystrix.strategy.concurrency.HystrixRequestContext@43f775af]) but failed to remove it when the web application was stopped. Threads are going to be renewed over time to try and avoid a probable memory leak.
Oct 28, 2019 2:43:05 PM org.apache.catalina.loader.WebappClassLoaderBase checkThreadLocalMapForLeaks
SEVERE: The web application [] created a ThreadLocal with key of type [java.lang.ThreadLocal] (value [java.lang.ThreadLocal@7ead728f]) and a value of type [com.netflix.hystrix.strategy.concurrency.HystrixRequestContext] (value [com.netflix.hystrix.strategy.concurrency.HystrixRequestContext@565b5e54]) but failed to remove it when the web application was stopped. Threads are going to be renewed over time to try and avoid a probable memory leak.
Oct 28, 2019 2:43:05 PM org.apache.catalina.loader.WebappClassLoaderBase checkThreadLocalMapForLeaks
SEVERE: The web application [] created a ThreadLocal with key of type [com.netflix.hystrix.Hystrix$1] (value [com.netflix.hystrix.Hystrix$1@688569e3]) and a value of type [com.netflix.hystrix.Hystrix.ConcurrentStack] (value [com.netflix.hystrix.Hystrix$ConcurrentStack@10a72351]) but failed to remove it when the web application was stopped. Threads are going to be renewed over time to try and avoid a probable memory leak.
Oct 28, 2019 2:43:05 PM org.apache.coyote.AbstractProtocol stop
INFO: Stopping ProtocolHandler ["http-bio-8080"]
Oct 28, 2019 2:43:05 PM org.apache.coyote.AbstractProtocol stop
INFO: Stopping ProtocolHandler ["ajp-bio-8009"]
Oct 28, 2019 2:43:05 PM org.apache.openejb.server.SimpleServiceManager stop
INFO: Stopping server services
Oct 28, 2019 2:43:05 PM org.apache.coyote.AbstractProtocol destroy
INFO: Destroying ProtocolHandler ["http-bio-8080"]
Oct 28, 2019 2:43:05 PM org.apache.coyote.AbstractProtocol destroy
INFO: Destroying ProtocolHandler ["ajp-bio-8009"]
