Oct 24, 2019 9:42:43 AM org.apache.catalina.startup.VersionLoggerListener log
INFO: Server version:        Apache Tomcat (TomEE)/7.0.81 (1.7.5)
Oct 24, 2019 9:42:43 AM org.apache.catalina.startup.VersionLoggerListener log
INFO: Server built:          Aug 11 2017 10:21:27 UTC
Oct 24, 2019 9:42:43 AM org.apache.catalina.startup.VersionLoggerListener log
INFO: Server number:         7.0.81.0
Oct 24, 2019 9:42:43 AM org.apache.catalina.startup.VersionLoggerListener log
INFO: OS Name:               Windows 10
Oct 24, 2019 9:42:43 AM org.apache.catalina.startup.VersionLoggerListener log
INFO: OS Version:            10.0
Oct 24, 2019 9:42:43 AM org.apache.catalina.startup.VersionLoggerListener log
INFO: Architecture:          amd64
Oct 24, 2019 9:42:43 AM org.apache.catalina.startup.VersionLoggerListener log
INFO: Java Home:             C:\Program Files\Java\jdk1.8.0_231\jre
Oct 24, 2019 9:42:43 AM org.apache.catalina.startup.VersionLoggerListener log
INFO: JVM Version:           1.8.0_231-b11
Oct 24, 2019 9:42:43 AM org.apache.catalina.startup.VersionLoggerListener log
INFO: JVM Vendor:            Oracle Corporation
Oct 24, 2019 9:42:43 AM org.apache.catalina.startup.VersionLoggerListener log
INFO: CATALINA_BASE:         C:\Users\FS0481\Desktop\SKOLENIE\SAP S4HANA Extensions\address-manager\application\target\apache-tomee
Oct 24, 2019 9:42:43 AM org.apache.catalina.startup.VersionLoggerListener log
INFO: CATALINA_HOME:         C:\Users\FS0481\Desktop\SKOLENIE\SAP S4HANA Extensions\address-manager\application\target\apache-tomee
Oct 24, 2019 9:42:43 AM org.apache.catalina.startup.VersionLoggerListener log
INFO: Command line argument: -XX:+HeapDumpOnOutOfMemoryError
Oct 24, 2019 9:42:43 AM org.apache.catalina.startup.VersionLoggerListener log
INFO: Command line argument: -Dorg.apache.catalina.STRICT_SERVLET_COMPLIANCE=false
Oct 24, 2019 9:42:43 AM org.apache.catalina.startup.VersionLoggerListener log
INFO: Command line argument: -Dopenejb.session.manager=org.apache.tomee.catalina.session.QuickSessionManager
Oct 24, 2019 9:42:43 AM org.apache.catalina.startup.VersionLoggerListener log
INFO: Command line argument: -Dtomee.remote.support=true
Oct 24, 2019 9:42:43 AM org.apache.catalina.startup.VersionLoggerListener log
INFO: Command line argument: -Dopenejb.system.apps=false
Oct 24, 2019 9:42:43 AM org.apache.catalina.startup.VersionLoggerListener log
INFO: Command line argument: -Djava.util.logging.config.file=C:\Users\FS0481\Desktop\SKOLENIE\SAP S4HANA Extensions\address-manager\application\target\apache-tomee\conf\logging.properties
Oct 24, 2019 9:42:43 AM org.apache.catalina.startup.VersionLoggerListener log
INFO: Command line argument: -javaagent:C:\Users\FS0481\Desktop\SKOLENIE\SAP S4HANA Extensions\address-manager\application\target\apache-tomee\lib\openejb-javaagent.jar
Oct 24, 2019 9:42:43 AM org.apache.catalina.startup.VersionLoggerListener log
INFO: Command line argument: -Djava.util.logging.manager=org.apache.juli.ClassLoaderLogManager
Oct 24, 2019 9:42:43 AM org.apache.catalina.startup.VersionLoggerListener log
INFO: Command line argument: -Djava.io.tmpdir=C:\Users\FS0481\Desktop\SKOLENIE\SAP S4HANA Extensions\address-manager\application\target\apache-tomee\temp
Oct 24, 2019 9:42:43 AM org.apache.catalina.startup.VersionLoggerListener log
INFO: Command line argument: -Djava.endorsed.dirs=C:\Users\FS0481\Desktop\SKOLENIE\SAP S4HANA Extensions\address-manager\application\target\apache-tomee\endorsed
Oct 24, 2019 9:42:43 AM org.apache.catalina.startup.VersionLoggerListener log
INFO: Command line argument: -Dcatalina.base=C:\Users\FS0481\Desktop\SKOLENIE\SAP S4HANA Extensions\address-manager\application\target\apache-tomee
Oct 24, 2019 9:42:43 AM org.apache.catalina.startup.VersionLoggerListener log
INFO: Command line argument: -Dcatalina.home=C:\Users\FS0481\Desktop\SKOLENIE\SAP S4HANA Extensions\address-manager\application\target\apache-tomee
Oct 24, 2019 9:42:43 AM org.apache.catalina.startup.VersionLoggerListener log
INFO: Command line argument: -Dcatalina.ext.dirs=C:\Users\FS0481\Desktop\SKOLENIE\SAP S4HANA Extensions\address-manager\application\target\apache-tomee\lib
Oct 24, 2019 9:42:43 AM org.apache.catalina.startup.VersionLoggerListener log
INFO: Command line argument: -Dorg.apache.tomcat.util.http.ServerCookie.ALLOW_HTTP_SEPARATORS_IN_V0=true
Oct 24, 2019 9:42:43 AM org.apache.catalina.startup.VersionLoggerListener log
INFO: Command line argument: -ea
Oct 24, 2019 9:42:43 AM org.apache.catalina.core.AprLifecycleListener lifecycleEvent
INFO: The APR based Apache Tomcat Native library which allows optimal performance in production environments was not found on the java.library.path: C:\Program Files\Java\jdk1.8.0_231\jre\bin;C:\WINDOWS\Sun\Java\bin;C:\WINDOWS\system32;C:\WINDOWS;C:\Program Files (x86)\Common Files\Oracle\Java\javapath;C:\WINDOWS\system32;C:\WINDOWS;C:\WINDOWS\System32\Wbem;C:\WINDOWS\System32\WindowsPowerShell\v1.0\;C:\WINDOWS\System32\OpenSSH\;C:\Program Files\PuTTY\;C:\Users\FS0481\AppData\Local\Microsoft\WindowsApps;C:\Users\FS0481\Desktop\apache-maven-3.6.2\bin;;.
Oct 24, 2019 9:42:44 AM org.apache.coyote.AbstractProtocol init
INFO: Initializing ProtocolHandler ["http-bio-8080"]
Oct 24, 2019 9:42:44 AM org.apache.coyote.AbstractProtocol init
INFO: Initializing ProtocolHandler ["ajp-bio-8009"]
Oct 24, 2019 9:42:45 AM org.apache.openejb.util.OptionsLog info
INFO: Using 'tomee.remote.support=true'
Oct 24, 2019 9:42:45 AM org.apache.openejb.util.OptionsLog info
INFO: Using 'openejb.jdbc.datasource-creator=org.apache.tomee.jdbc.TomEEDataSourceCreator'
Oct 24, 2019 9:42:45 AM org.apache.openejb.OpenEJB$Instance <init>
INFO: ********************************************************************************
Oct 24, 2019 9:42:45 AM org.apache.openejb.OpenEJB$Instance <init>
INFO: OpenEJB http://tomee.apache.org/
Oct 24, 2019 9:42:45 AM org.apache.openejb.OpenEJB$Instance <init>
INFO: Startup: Thu Oct 24 09:42:45 CEST 2019
Oct 24, 2019 9:42:45 AM org.apache.openejb.OpenEJB$Instance <init>
INFO: Copyright 1999-2015 (C) Apache OpenEJB/TomEE Project, All Rights Reserved.
Oct 24, 2019 9:42:45 AM org.apache.openejb.OpenEJB$Instance <init>
INFO: Version: 4.7.5
Oct 24, 2019 9:42:45 AM org.apache.openejb.OpenEJB$Instance <init>
INFO: Build date: 20170927
Oct 24, 2019 9:42:45 AM org.apache.openejb.OpenEJB$Instance <init>
INFO: Build time: 12:02
Oct 24, 2019 9:42:45 AM org.apache.openejb.OpenEJB$Instance <init>
INFO: ********************************************************************************
Oct 24, 2019 9:42:45 AM org.apache.openejb.OpenEJB$Instance <init>
INFO: openejb.home = C:\Users\FS0481\Desktop\SKOLENIE\SAP S4HANA Extensions\address-manager\application\target\apache-tomee
Oct 24, 2019 9:42:45 AM org.apache.openejb.OpenEJB$Instance <init>
INFO: openejb.base = C:\Users\FS0481\Desktop\SKOLENIE\SAP S4HANA Extensions\address-manager\application\target\apache-tomee
Oct 24, 2019 9:42:45 AM org.apache.openejb.cdi.CdiBuilder initializeOWB
INFO: Created new singletonService org.apache.openejb.cdi.ThreadSingletonServiceImpl@51b279c9
Oct 24, 2019 9:42:45 AM org.apache.openejb.cdi.CdiBuilder initializeOWB
INFO: Succeeded in installing singleton service
Oct 24, 2019 9:42:45 AM org.apache.openejb.config.ConfigurationFactory init
INFO: openejb configuration file is 'C:\Users\FS0481\Desktop\SKOLENIE\SAP S4HANA Extensions\address-manager\application\target\apache-tomee\conf\tomee.xml'
Oct 24, 2019 9:42:45 AM org.apache.openejb.config.ConfigurationFactory configureService
INFO: Configuring Service(id=Tomcat Security Service, type=SecurityService, provider-id=Tomcat Security Service)
Oct 24, 2019 9:42:45 AM org.apache.openejb.config.ConfigurationFactory configureService
INFO: Configuring Service(id=Default Transaction Manager, type=TransactionManager, provider-id=Default Transaction Manager)
Oct 24, 2019 9:42:45 AM org.apache.openejb.util.OptionsLog info
INFO: Using 'openejb.system.apps=false'
Oct 24, 2019 9:42:45 AM org.apache.openejb.util.OptionsLog info
INFO: Using 'openejb.deployments.classpath=false'
Oct 24, 2019 9:42:45 AM org.apache.openejb.assembler.classic.Assembler createRecipe
INFO: Creating TransactionManager(id=Default Transaction Manager)
Oct 24, 2019 9:42:46 AM org.apache.openejb.assembler.classic.Assembler createRecipe
INFO: Creating SecurityService(id=Tomcat Security Service)
Oct 24, 2019 9:42:46 AM org.apache.openejb.server.ServiceManager initServer
INFO: Creating ServerService(id=cxf-rs)
Oct 24, 2019 9:42:46 AM org.apache.openejb.server.SimpleServiceManager start
INFO:   ** Bound Services **
Oct 24, 2019 9:42:46 AM org.apache.openejb.server.SimpleServiceManager printRow
INFO:   NAME                 IP              PORT  
Oct 24, 2019 9:42:46 AM org.apache.openejb.server.SimpleServiceManager start
INFO: -------
Oct 24, 2019 9:42:46 AM org.apache.openejb.server.SimpleServiceManager start
INFO: Ready!
Oct 24, 2019 9:42:46 AM org.apache.catalina.startup.Catalina load
INFO: Initialization processed in 3692 ms
Oct 24, 2019 9:42:46 AM org.apache.tomee.catalina.OpenEJBNamingContextListener bindResource
INFO: Importing a Tomcat Resource with id 'UserDatabase' of type 'org.apache.catalina.UserDatabase'.
Oct 24, 2019 9:42:46 AM org.apache.openejb.assembler.classic.Assembler createRecipe
INFO: Creating Resource(id=UserDatabase)
Oct 24, 2019 9:42:46 AM org.apache.catalina.core.StandardService startInternal
INFO: Starting service Catalina
Oct 24, 2019 9:42:46 AM org.apache.catalina.core.StandardEngine startInternal
INFO: Starting Servlet Engine: Apache Tomcat (TomEE)/7.0.81 (1.7.5)
Oct 24, 2019 9:42:46 AM org.apache.catalina.startup.HostConfig deployWAR
INFO: Deploying web application archive C:\Users\FS0481\Desktop\SKOLENIE\SAP S4HANA Extensions\address-manager\application\target\apache-tomee\webapps\ROOT.war
Oct 24, 2019 9:42:46 AM org.apache.tomee.catalina.TomcatWebAppBuilder init
INFO: ------------------------- localhost -> /
Oct 24, 2019 9:42:46 AM org.apache.openejb.util.JarExtractor extract
INFO: Extracting jar: C:\Users\FS0481\Desktop\SKOLENIE\SAP S4HANA Extensions\address-manager\application\target\apache-tomee\webapps\ROOT.war
Oct 24, 2019 9:42:47 AM org.apache.openejb.util.JarExtractor extract
INFO: Extracted path: C:\Users\FS0481\Desktop\SKOLENIE\SAP S4HANA Extensions\address-manager\application\target\apache-tomee\webapps\ROOT
Oct 24, 2019 9:42:47 AM org.apache.openejb.util.OptionsLog info
INFO: Using 'openejb.session.manager=org.apache.tomee.catalina.session.QuickSessionManager'
Oct 24, 2019 9:42:47 AM org.apache.tomee.catalina.TomEEClassLoaderEnricher validateJarFile
WARNING: jar 'C:\Users\FS0481\Desktop\SKOLENIE\SAP S4HANA Extensions\address-manager\application\target\apache-tomee\webapps\ROOT\WEB-INF\lib\tomcat-annotations-api-7.0.81.jar' contains offending class: javax.ejb.EJB. It will be ignored.
Oct 24, 2019 9:42:47 AM org.apache.catalina.loader.WebappClassLoaderBase validateJarFile
INFO: validateJarFile(C:\Users\FS0481\Desktop\SKOLENIE\SAP S4HANA Extensions\address-manager\application\target\apache-tomee\webapps\ROOT\WEB-INF\lib\tomcat-servlet-api-7.0.81.jar) - jar not loaded. See Servlet Spec 3.0, section 10.7.2. Offending class: javax/servlet/Servlet.class
Oct 24, 2019 9:42:52 AM org.apache.openejb.config.ConfigurationFactory configureApplication
INFO: Configuring enterprise application: C:\Users\FS0481\Desktop\SKOLENIE\SAP S4HANA Extensions\address-manager\application\target\apache-tomee\webapps\ROOT
Oct 24, 2019 9:42:52 AM org.apache.openejb.config.ConfigurationFactory configureService
INFO: Configuring Service(id=Default Managed Container, type=Container, provider-id=Default Managed Container)
Oct 24, 2019 9:42:52 AM org.apache.openejb.config.AutoConfig createContainer
INFO: Auto-creating a container for bean .Comp2075551804: Container(type=MANAGED, id=Default Managed Container)
Oct 24, 2019 9:42:52 AM org.apache.openejb.assembler.classic.Assembler createRecipe
INFO: Creating Container(id=Default Managed Container)
Oct 24, 2019 9:42:52 AM org.apache.openejb.core.managed.SimplePassivater init
INFO: Using directory C:\Users\FS0481\Desktop\SKOLENIE\SAP S4HANA Extensions\address-manager\application\target\apache-tomee\temp for stateful session passivation
Oct 24, 2019 9:42:52 AM org.apache.openejb.config.AppInfoBuilder build
INFO: Enterprise application "C:\Users\FS0481\Desktop\SKOLENIE\SAP S4HANA Extensions\address-manager\application\target\apache-tomee\webapps\ROOT" loaded.
Oct 24, 2019 9:42:53 AM org.apache.openejb.assembler.classic.Assembler createApplication
INFO: Assembling app: C:\Users\FS0481\Desktop\SKOLENIE\SAP S4HANA Extensions\address-manager\application\target\apache-tomee\webapps\ROOT
Oct 24, 2019 9:42:53 AM org.apache.openejb.cdi.CdiBuilder initSingleton
INFO: Existing thread singleton service in SystemInstance(): org.apache.openejb.cdi.ThreadSingletonServiceImpl@51b279c9
Oct 24, 2019 9:42:54 AM org.apache.openejb.cdi.OpenEJBLifecycle startApplication
INFO: OpenWebBeans Container is starting...
Oct 24, 2019 9:42:54 AM org.apache.webbeans.plugins.PluginLoader startUp
INFO: Adding OpenWebBeansPlugin : [CdiPlugin]
Oct 24, 2019 9:42:54 AM org.apache.webbeans.plugins.PluginLoader startUp
INFO: Adding OpenWebBeansPlugin : [OpenWebBeansJsfPlugin]
Oct 24, 2019 9:43:07 AM org.apache.webbeans.config.BeansDeployer deploySingleAnnotatedType
INFO: Skipping deployment of Class class com.sap.cloud.sdk.cloudplatform.auditlog.ScpCfAuditLogdue to a NoClassDefFoundError: com/sap/xs/audit/api/AuditLogMessage
Oct 24, 2019 9:43:09 AM org.apache.webbeans.config.BeansDeployer validateInjectionPoints
INFO: All injection points were validated successfully.
Oct 24, 2019 9:43:09 AM org.apache.openejb.cdi.OpenEJBLifecycle startApplication
INFO: OpenWebBeans Container has started, it took 15618 ms.
Oct 24, 2019 9:43:09 AM org.apache.openejb.assembler.classic.Assembler createApplication
INFO: Deployed Application(path=C:\Users\FS0481\Desktop\SKOLENIE\SAP S4HANA Extensions\address-manager\application\target\apache-tomee\webapps\ROOT)
Oct 24, 2019 9:43:11 AM org.apache.catalina.startup.HostConfig deployWAR
INFO: Deployment of web application archive C:\Users\FS0481\Desktop\SKOLENIE\SAP S4HANA Extensions\address-manager\application\target\apache-tomee\webapps\ROOT.war has finished in 24,937 ms
Oct 24, 2019 9:43:11 AM org.apache.coyote.AbstractProtocol start
INFO: Starting ProtocolHandler ["http-bio-8080"]
Oct 24, 2019 9:43:11 AM org.apache.coyote.AbstractProtocol start
INFO: Starting ProtocolHandler ["ajp-bio-8009"]
Oct 24, 2019 9:43:11 AM org.apache.catalina.startup.Catalina start
INFO: Server startup in 25238 ms
